{
  "Cucumber Features": {
    "coverage": {
      "/Users/stella/school/s1-cu/esaas/OHCS/app/models/patient.rb": {
        "lines": [
          1,
          1,
          null
        ]
      },
      "/Users/stella/school/s1-cu/esaas/OHCS/app/models/doctor.rb": {
        "lines": [
          1,
          1,
          null,
          null,
          null,
          null,
          null,
          null,
          null,
          null,
          null,
          null,
          null,
          1,
          4,
          4,
          null,
          null,
          null
        ]
      },
      "/Users/stella/school/s1-cu/esaas/OHCS/app/controllers/application_controller.rb": {
        "lines": [
          1,
          1,
          1,
          null,
          1,
          101,
          null,
          null,
          1,
          31,
          31,
          null,
          null,
          null
        ]
      },
      "/Users/stella/school/s1-cu/esaas/OHCS/app/helpers/application_helper.rb": {
        "lines": [
          1,
          1,
          20,
          null,
          null
        ]
      },
      "/Users/stella/school/s1-cu/esaas/OHCS/app/helpers/appointments_helper.rb": {
        "lines": [
          1,
          null
        ]
      },
      "/Users/stella/school/s1-cu/esaas/OHCS/app/helpers/doctors_helper.rb": {
        "lines": [
          1,
          null
        ]
      },
      "/Users/stella/school/s1-cu/esaas/OHCS/app/helpers/messages_helper.rb": {
        "lines": [
          1,
          null
        ]
      },
      "/Users/stella/school/s1-cu/esaas/OHCS/app/helpers/patients_helper.rb": {
        "lines": [
          1,
          null
        ]
      },
      "/Users/stella/school/s1-cu/esaas/OHCS/app/helpers/rooms_helper.rb": {
        "lines": [
          1,
          null
        ]
      },
      "/Users/stella/school/s1-cu/esaas/OHCS/app/helpers/schedules_helper.rb": {
        "lines": [
          1,
          null
        ]
      },
      "/Users/stella/school/s1-cu/esaas/OHCS/app/helpers/slots_helper.rb": {
        "lines": [
          1,
          null
        ]
      },
      "/Users/stella/school/s1-cu/esaas/OHCS/app/controllers/users_controller.rb": {
        "lines": [
          1,
          null,
          1,
          43,
          43,
          43,
          17,
          26,
          26,
          26,
          null,
          null,
          null,
          null,
          1,
          1,
          null,
          null,
          1,
          11,
          11,
          1,
          10,
          10,
          null,
          null,
          null,
          1,
          11,
          11,
          11,
          1,
          1,
          1,
          10,
          10,
          10,
          10,
          null,
          11,
          11,
          null,
          null,
          1,
          1,
          null,
          null,
          1,
          0,
          null,
          null,
          1,
          null,
          null,
          1,
          11,
          null,
          null
        ]
      },
      "/Users/stella/school/s1-cu/esaas/OHCS/app/models/schedule.rb": {
        "lines": [
          1,
          1,
          null
        ]
      },
      "/Users/stella/school/s1-cu/esaas/OHCS/app/controllers/schedules_controller.rb": {
        "lines": [
          1,
          1,
          null,
          null,
          1,
          10,
          10,
          10,
          0,
          10,
          10,
          10,
          null,
          null,
          null,
          null,
          null,
          1,
          null,
          null,
          null,
          1,
          9,
          null,
          null,
          null,
          1,
          null,
          null,
          null,
          1,
          9,
          9,
          9,
          9,
          9,
          null,
          null,
          9,
          null,
          9,
          9,
          9,
          9,
          9,
          31,
          18,
          9,
          null,
          0,
          0,
          null,
          null,
          null,
          null,
          null,
          1,
          null,
          null,
          null,
          null,
          null,
          null,
          null,
          null,
          null,
          null,
          null,
          null,
          null,
          null,
          null,
          null,
          null,
          1,
          null,
          null,
          null,
          null,
          null,
          null,
          null,
          1,
          null,
          1,
          10,
          null,
          null,
          null,
          1,
          9,
          null,
          null
        ]
      },
      "/Users/stella/school/s1-cu/esaas/OHCS/app/models/slot.rb": {
        "lines": [
          1,
          1,
          null,
          1,
          null,
          1,
          9,
          9,
          9,
          22,
          22,
          22,
          22,
          22,
          null,
          9,
          null,
          null,
          1,
          9,
          9,
          5,
          null,
          9,
          3,
          null,
          9,
          null,
          null,
          null
        ]
      },
      "/Users/stella/school/s1-cu/esaas/OHCS/app/controllers/appointments_controller.rb": {
        "lines": [
          1,
          1,
          null,
          null,
          1,
          4,
          3,
          3,
          1,
          1,
          1,
          null,
          null,
          null,
          null,
          1,
          null,
          null,
          null,
          1,
          0,
          null,
          null,
          null,
          1,
          null,
          null,
          null,
          1,
          4,
          null,
          4,
          4,
          8,
          4,
          null,
          0,
          0,
          null,
          null,
          null,
          null,
          null,
          1,
          null,
          null,
          null,
          null,
          null,
          null,
          null,
          null,
          null,
          null,
          null,
          null,
          null,
          null,
          1,
          null,
          null,
          null,
          null,
          null,
          null,
          null,
          1,
          1,
          null,
          null,
          1,
          null,
          null,
          1,
          4,
          4,
          4,
          4,
          4,
          4,
          4,
          4,
          null,
          null,
          null,
          1,
          4,
          4,
          null,
          null,
          1,
          4,
          4,
          4,
          null,
          null,
          1,
          4,
          4,
          4,
          4,
          null,
          null,
          1,
          null,
          1,
          4,
          null,
          null,
          null,
          1,
          4,
          null,
          null
        ]
      },
      "/Users/stella/school/s1-cu/esaas/OHCS/app/models/appointment.rb": {
        "lines": [
          1,
          1,
          1,
          1,
          1,
          1,
          null,
          1,
          4,
          4,
          null,
          null,
          1,
          4,
          null,
          null
        ]
      },
      "/Users/stella/school/s1-cu/esaas/OHCS/app/models/room.rb": {
        "lines": [
          1,
          1,
          1,
          null
        ]
      },
      "/Users/stella/school/s1-cu/esaas/OHCS/app/controllers/rooms_controller.rb": {
        "lines": [
          1,
          null,
          null,
          null,
          1,
          null,
          null,
          null,
          null,
          null,
          1,
          0,
          null,
          null,
          1,
          0,
          null,
          0,
          0,
          0,
          null,
          0,
          null,
          null,
          null,
          1,
          null,
          null,
          null,
          null,
          null,
          null,
          null,
          null,
          null,
          null,
          null,
          1,
          3,
          null,
          3,
          null,
          null,
          1,
          null,
          1,
          3,
          3,
          null,
          null,
          1,
          0,
          null,
          null
        ]
      },
      "/Users/stella/school/s1-cu/esaas/OHCS/app/models/message.rb": {
        "lines": [
          1,
          1,
          1,
          1,
          null,
          2,
          2,
          null,
          null,
          null
        ]
      },
      "/Users/stella/school/s1-cu/esaas/OHCS/app/controllers/messages_controller.rb": {
        "lines": [
          1,
          1,
          1,
          1,
          null,
          1,
          2,
          null,
          null,
          2,
          null,
          null,
          1,
          null,
          1,
          2,
          null,
          null
        ]
      },
      "/Users/stella/school/s1-cu/esaas/OHCS/app/channels/room_channel.rb": {
        "lines": [
          1,
          1,
          0,
          0,
          0,
          0,
          null,
          0,
          0,
          null,
          null,
          null,
          1,
          null,
          null,
          null
        ]
      },
      "/Users/stella/school/s1-cu/esaas/OHCS/app/channels/application_cable/channel.rb": {
        "lines": [
          1,
          1,
          null,
          null
        ]
      },
      "/Users/stella/school/s1-cu/esaas/OHCS/app/controllers/slots_controller.rb": {
        "lines": [
          1,
          1,
          null,
          null,
          1,
          2,
          null,
          null,
          null,
          1,
          null,
          null,
          null,
          1,
          1,
          null,
          null,
          null,
          1,
          null,
          null,
          null,
          1,
          2,
          null,
          2,
          2,
          0,
          0,
          null,
          4,
          2,
          null,
          null,
          null,
          null,
          null,
          1,
          1,
          1,
          2,
          1,
          null,
          0,
          0,
          null,
          null,
          null,
          null,
          null,
          1,
          null,
          null,
          null,
          null,
          null,
          null,
          null,
          1,
          null,
          1,
          3,
          null,
          null,
          null,
          1,
          3,
          null,
          null
        ]
      },
      "/Users/stella/school/s1-cu/esaas/OHCS/app/channels/application_cable/connection.rb": {
        "lines": [
          null,
          0,
          0,
          0,
          null,
          0,
          0,
          0,
          null,
          0,
          null,
          0,
          0,
          0,
          0,
          0,
          0,
          0,
          0,
          0
        ],
        "branches": {
        }
      },
      "/Users/stella/school/s1-cu/esaas/OHCS/app/models/application_record.rb": {
        "lines": [
          0,
          0,
          0
        ],
        "branches": {
        }
      },
      "/Users/stella/school/s1-cu/esaas/OHCS/app/models/user.rb": {
        "lines": [
          0,
          null,
          null,
          0,
          0,
          0,
          0,
          0,
          0,
          0,
          null,
          0,
          0,
          0,
          0,
          0,
          0,
          null,
          0,
          0,
          0,
          0,
          null,
          0,
          0,
          0,
          null,
          null,
          0,
          0,
          0,
          0,
          0,
          0,
          0
        ],
        "branches": {
        }
      }
    },
    "timestamp": 1639964167
  },
  "RSpec": {
    "coverage": {
      "/Users/stella/school/s1-cu/esaas/OHCS/app/models/user.rb": {
        "lines": [
          1,
          null,
          null,
          1,
          null,
          1,
          1,
          1,
          1,
          1,
          null,
          1,
          1,
          12,
          11,
          null,
          null,
          null,
          1,
          1,
          1,
          null,
          null,
          1,
          5,
          3,
          null,
          null,
          3,
          2,
          2,
          2,
          null,
          null,
          null
        ]
      },
      "/Users/stella/school/s1-cu/esaas/OHCS/app/models/application_record.rb": {
        "lines": [
          1,
          1,
          null
        ]
      },
      "/Users/stella/school/s1-cu/esaas/OHCS/app/helpers/application_helper.rb": {
        "lines": [
          1,
          1,
          0,
          null,
          null
        ]
      },
      "/Users/stella/school/s1-cu/esaas/OHCS/app/helpers/appointments_helper.rb": {
        "lines": [
          1,
          null
        ]
      },
      "/Users/stella/school/s1-cu/esaas/OHCS/app/helpers/doctors_helper.rb": {
        "lines": [
          1,
          null
        ]
      },
      "/Users/stella/school/s1-cu/esaas/OHCS/app/helpers/messages_helper.rb": {
        "lines": [
          1,
          null
        ]
      },
      "/Users/stella/school/s1-cu/esaas/OHCS/app/helpers/patients_helper.rb": {
        "lines": [
          1,
          null
        ]
      },
      "/Users/stella/school/s1-cu/esaas/OHCS/app/helpers/rooms_helper.rb": {
        "lines": [
          1,
          null
        ]
      },
      "/Users/stella/school/s1-cu/esaas/OHCS/app/helpers/schedules_helper.rb": {
        "lines": [
          1,
          null
        ]
      },
      "/Users/stella/school/s1-cu/esaas/OHCS/app/helpers/slots_helper.rb": {
        "lines": [
          1,
          null
        ]
      },
      "/Users/stella/school/s1-cu/esaas/OHCS/app/channels/room_channel.rb": {
        "lines": [
          1,
          1,
          3,
          0,
          0,
          0,
          null,
          3,
          3,
          null,
          null,
          null,
          1,
          null,
          null,
          null
        ]
      },
      "/Users/stella/school/s1-cu/esaas/OHCS/app/channels/application_cable/channel.rb": {
        "lines": [
          1,
          1,
          null,
          null
        ]
      },
      "/Users/stella/school/s1-cu/esaas/OHCS/app/channels/application_cable/connection.rb": {
        "lines": [
          null,
          1,
          1,
          1,
          null,
          1,
          1,
          null,
          null,
          1,
          null,
          1,
          1,
          0,
          null,
          1,
          null,
          null,
          null,
          null
        ]
      },
      "/Users/stella/school/s1-cu/esaas/OHCS/app/controllers/users_controller.rb": {
        "lines": [
          1,
          null,
          1,
          0,
          0,
          0,
          0,
          0,
          0,
          0,
          null,
          null,
          null,
          null,
          1,
          2,
          null,
          null,
          1,
          0,
          0,
          0,
          0,
          0,
          null,
          null,
          null,
          1,
          0,
          0,
          0,
          0,
          0,
          0,
          0,
          0,
          0,
          0,
          null,
          0,
          0,
          null,
          null,
          1,
          0,
          null,
          null,
          1,
          0,
          null,
          null,
          1,
          null,
          null,
          1,
          0,
          null,
          null
        ]
      },
      "/Users/stella/school/s1-cu/esaas/OHCS/app/controllers/application_controller.rb": {
        "lines": [
          1,
          1,
          1,
          null,
          1,
          8,
          null,
          null,
          1,
          0,
          0,
          null,
          0,
          null,
          null,
          null
        ]
      },
      "/Users/stella/school/s1-cu/esaas/OHCS/app/models/room.rb": {
        "lines": [
          1,
          1,
          1,
          null
        ]
      },
      "/Users/stella/school/s1-cu/esaas/OHCS/app/models/appointment.rb": {
        "lines": [
          1,
          1,
          1,
          1,
          1,
          1,
          null,
          1,
          0,
          0,
          null,
          null,
          1,
          0,
          null,
          null
        ]
      },
      "/Users/stella/school/s1-cu/esaas/OHCS/app/models/patient.rb": {
        "lines": [
          1,
          1,
          null
        ]
      },
      "/Users/stella/school/s1-cu/esaas/OHCS/app/models/doctor.rb": {
        "lines": [
          1,
          1,
          null,
          1,
          0,
          0,
          0,
          0,
          0,
          null,
          0,
          null,
          null,
          1,
          0,
          0,
          null,
          null,
          null
        ]
      },
      "/Users/stella/school/s1-cu/esaas/OHCS/app/controllers/appointments_controller.rb": {
        "lines": [
          0,
          0,
          null,
          null,
          0,
          0,
          0,
          0,
          0,
          0,
          0,
          0,
          0,
          null,
          null,
          0,
          0,
          null,
          null,
          0,
          0,
          0,
          null,
          null,
          0,
          0,
          null,
          null,
          0,
          0,
          null,
          0,
          0,
          0,
          0,
          0,
          0,
          0,
          0,
          0,
          0,
          null,
          null,
          0,
          0,
          0,
          0,
          0,
          0,
          0,
          0,
          0,
          0,
          0,
          null,
          null,
          0,
          0,
          0,
          0,
          0,
          0,
          0,
          null,
          0,
          0,
          0,
          null,
          0,
          0,
          null,
          0,
          0,
          0,
          0,
          0,
          0,
          0,
          0,
          0,
          0,
          0,
          null,
          0,
          0,
          0,
          0,
          null,
          0,
          0,
          0,
          0,
          0,
          null,
          0,
          0,
          0,
          0,
          0,
          0,
          null,
          0,
          null,
          0,
          0,
          0,
          null,
          null,
          0,
          0,
          0,
          0
        ],
        "branches": {
        }
      },
      "/Users/stella/school/s1-cu/esaas/OHCS/app/controllers/messages_controller.rb": {
        "lines": [
          0,
          0,
          0,
          0,
          null,
          0,
          0,
          0,
          0,
          0,
          0,
          null,
          0,
          null,
          0,
          0,
          0,
          0
        ],
        "branches": {
        }
      },
      "/Users/stella/school/s1-cu/esaas/OHCS/app/controllers/rooms_controller.rb": {
        "lines": [
          0,
          null,
          null,
          null,
          0,
          null,
          null,
          null,
          null,
          null,
          0,
          0,
          0,
          null,
          0,
          0,
          null,
          0,
          0,
          0,
          0,
          0,
          0,
          0,
          null,
          0,
          0,
          null,
          null,
          null,
          null,
          null,
          null,
          null,
          null,
          null,
          null,
          0,
          0,
          null,
          0,
          0,
          null,
          0,
          null,
          0,
          0,
          0,
          0,
          null,
          0,
          0,
          0,
          0
        ],
        "branches": {
        }
      },
      "/Users/stella/school/s1-cu/esaas/OHCS/app/controllers/schedules_controller.rb": {
        "lines": [
          0,
          0,
          null,
          null,
          0,
          0,
          0,
          0,
          0,
          0,
          0,
          0,
          0,
          0,
          0,
          null,
          null,
          0,
          0,
          null,
          null,
          0,
          0,
          0,
          null,
          null,
          0,
          0,
          null,
          null,
          0,
          0,
          0,
          0,
          0,
          0,
          0,
          0,
          0,
          0,
          0,
          null,
          0,
          0,
          0,
          0,
          0,
          0,
          0,
          0,
          0,
          0,
          0,
          0,
          0,
          0,
          null,
          null,
          0,
          0,
          0,
          0,
          0,
          0,
          0,
          0,
          0,
          0,
          0,
          0,
          0,
          0,
          0,
          0,
          null,
          null,
          0,
          0,
          0,
          0,
          0,
          0,
          0,
          null,
          0,
          null,
          0,
          0,
          0,
          null,
          null,
          0,
          0,
          0,
          0
        ],
        "branches": {
        }
      },
      "/Users/stella/school/s1-cu/esaas/OHCS/app/controllers/slots_controller.rb": {
        "lines": [
          0,
          0,
          null,
          null,
          0,
          0,
          0,
          null,
          null,
          0,
          0,
          null,
          null,
          0,
          0,
          0,
          null,
          null,
          0,
          0,
          null,
          null,
          0,
          0,
          null,
          0,
          0,
          0,
          0,
          0,
          0,
          0,
          0,
          0,
          0,
          null,
          null,
          0,
          0,
          0,
          0,
          0,
          0,
          0,
          0,
          0,
          0,
          0,
          null,
          null,
          0,
          0,
          0,
          0,
          0,
          0,
          0,
          null,
          0,
          null,
          0,
          0,
          0,
          null,
          null,
          0,
          0,
          0,
          0
        ],
        "branches": {
        }
      },
      "/Users/stella/school/s1-cu/esaas/OHCS/app/models/message.rb": {
        "lines": [
          0,
          0,
          0,
          0,
          null,
          0,
          0,
          0,
          0,
          0
        ],
        "branches": {
        }
      },
      "/Users/stella/school/s1-cu/esaas/OHCS/app/models/schedule.rb": {
        "lines": [
          0,
          0,
          0
        ],
        "branches": {
        }
      },
      "/Users/stella/school/s1-cu/esaas/OHCS/app/models/slot.rb": {
        "lines": [
          0,
          0,
          null,
          0,
          null,
          0,
          0,
          0,
          0,
          0,
          0,
          0,
          0,
          0,
          0,
          0,
          0,
          null,
          0,
          0,
          0,
          0,
          0,
          0,
          0,
          0,
          0,
          0,
          null,
          0
        ],
        "branches": {
        }
      }
    },
    "timestamp": 1639954628
  }
}
